<?xml version="1.0" encoding="UTF-8"?>
<!-- Generated by org.testng.reporters.JUnitReportReporter -->
<testsuite hostname="PoojaKulkarni" failures="0" tests="3" name="testng_practice.AlwaysRun_Method" time="0.037" errors="0" timestamp="2022-08-20T20:00:07 IST" skipped="0">
  <testcase classname="testng_practice.AlwaysRun_Method" name="login" time="0.022"/>
  <system-out/>
  <testcase classname="testng_practice.AlwaysRun_Method" name="HomePage" time="0.013"/>
  <system-out/>
  <testcase classname="testng_practice.AlwaysRun_Method" name="Logout" time="0.002"/>
  <system-out/>
</testsuite> <!-- testng_practice.AlwaysRun_Method -->
