<?xml version="1.0" encoding="UTF-8"?>
<!-- Generated by org.testng.reporters.JUnitReportReporter -->
<testsuite hostname="PoojaKulkarni" failures="0" tests="3" name="testng_practice.TestNG_Enabled_Keyword" time="0.022" errors="0" timestamp="2022-08-20T19:58:10 IST" skipped="1">
  <testcase classname="testng_practice.TestNG_Enabled_Keyword" name="login" time="0.020"/>
  <system-out/>
  <testcase classname="testng_practice.TestNG_Enabled_Keyword" name="HomePage" time="0.002"/>
  <system-out/>
  <testcase classname="testng_practice.TestNG_Enabled_Keyword" name="Logout">
    <skipped/>
  </testcase> <!-- Logout -->
  <system-out/>
</testsuite> <!-- testng_practice.TestNG_Enabled_Keyword -->
