<?xml version="1.0" encoding="UTF-8"?>
<!-- Generated by org.testng.reporters.JUnitReportReporter -->
<testsuite hostname="PoojaKulkarni" failures="0" tests="3" name="testng_practice.Test_Cases" time="0.051" errors="0" timestamp="2022-08-20T19:52:43 IST" skipped="0">
  <testcase classname="testng_practice.Test_Cases" name="testCase1" time="0.044"/>
  <system-out/>
  <testcase classname="testng_practice.Test_Cases" name="TestCase2" time="0.004"/>
  <system-out/>
  <testcase classname="testng_practice.Test_Cases" name="testcase3" time="0.003"/>
  <system-out>
    <![CDATA[checking Reporter]]>
  </system-out>
</testsuite> <!-- testng_practice.Test_Cases -->
