<?xml version="1.0" encoding="UTF-8"?>
<!-- Generated by org.testng.reporters.JUnitReportReporter -->
<testsuite hostname="PoojaKulkarni" failures="0" tests="12" name="testng_practice.Invocation_Count_Method" time="0.076" errors="0" timestamp="2022-08-20T20:25:11 IST" skipped="0">
  <testcase classname="testng_practice.Invocation_Count_Method" name="sleep" time="0.002"/>
  <system-out/>
  <testcase classname="testng_practice.Invocation_Count_Method" name="dog" time="0.021"/>
  <system-out/>
  <testcase classname="testng_practice.Invocation_Count_Method" name="sleep" time="0.005"/>
  <system-out/>
  <testcase classname="testng_practice.Invocation_Count_Method" name="dog" time="0.006"/>
  <system-out/>
  <testcase classname="testng_practice.Invocation_Count_Method" name="sleep" time="0.005"/>
  <system-out/>
  <testcase classname="testng_practice.Invocation_Count_Method" name="sleep" time="0.005"/>
  <system-out/>
  <testcase classname="testng_practice.Invocation_Count_Method" name="dog" time="0.008"/>
  <system-out/>
  <testcase classname="testng_practice.Invocation_Count_Method" name="dog" time="0.005"/>
  <system-out/>
  <testcase classname="testng_practice.Invocation_Count_Method" name="sleep" time="0.006"/>
  <system-out/>
  <testcase classname="testng_practice.Invocation_Count_Method" name="sleep" time="0.004"/>
  <system-out/>
  <testcase classname="testng_practice.Invocation_Count_Method" name="dog" time="0.006"/>
  <system-out/>
  <testcase classname="testng_practice.Invocation_Count_Method" name="sleep" time="0.003"/>
  <system-out/>
</testsuite> <!-- testng_practice.Invocation_Count_Method -->
