<?xml version="1.0" encoding="UTF-8"?>
<!-- Generated by org.testng.reporters.JUnitReportReporter -->
<testsuite hostname="PoojaKulkarni" failures="0" tests="3" name="test_scenario.Test_Methods" time="10.601" errors="0" timestamp="2022-08-24T16:37:21 IST" skipped="2">
  <testcase classname="test_scenario.Test_Methods" name="SearchOperation" time="10.601"/>
  <system-out/>
  <testcase classname="test_scenario.Test_Methods" name="logintoFB">
    <skipped/>
  </testcase> <!-- logintoFB -->
  <system-out/>
  <testcase classname="test_scenario.Test_Methods" name="VerifyFbAccess">
    <skipped/>
  </testcase> <!-- VerifyFbAccess -->
  <system-out/>
</testsuite> <!-- test_scenario.Test_Methods -->
